<?xml version="1.0" encoding="UTF-8"?>
<testng-results skipped="0" failed="1" total="1" passed="0">
  <reporter-output>
    <line>
      <![CDATA[
login using a valid IsoMetrix username and password.]]>
    </line>
    <line>
      <![CDATA[
Go to All Control page]]>
    </line>
    <line>
      <![CDATA[
Click on Add button on right side of Control page]]>
    </line>
    <line>
      <![CDATA[
Enter the all mandatory fileds on Control tab]]>
    </line>
    <line>
      <![CDATA[
Click on Save button on right side of Control page]]>
    </line>
    <line>
      <![CDATA[
Enter the all mandatory fileds on User defined tab]]>
    </line>
    <line>
      <![CDATA[
Click on MDS tab]]>
    </line>
    <line>
      <![CDATA[
Enter the all fileds on MDS tab]]>
    </line>
    <line>
      <![CDATA[<a href= 'E:/ISOMetrix/ISO-Metrix/screenshots/testVerifySubmitSuccessfullyAfterFillingMDSTabFields2017-06-23-04-15-02.png'target='_blank' ><img src='E:/ISOMetrix/ISO-Metrix/screenshots/testVerifySubmitSuccessfullyAfterFillingMDSTabFields2017-06-23-04-15-02.png'>testVerifySubmitSuccessfullyAfterFillingMDSTabFields2017-06-23-04-15-02</a>]]>
    </line>
  </reporter-output>
  <suite name="Default suite" duration-ms="165076" started-at="2017-06-23T10:42:17Z" finished-at="2017-06-23T10:45:02Z">
    <groups>
    </groups>
    <test name="Default test" duration-ms="165076" started-at="2017-06-23T10:42:17Z" finished-at="2017-06-23T10:45:02Z">
      <class name="com.isometrix.testscript.MDSTabScript">
        <test-method status="PASS" signature="before()[pri:0, instance:com.isometrix.testscript.MDSTabScript@4f063c0a]" name="before" is-config="true" duration-ms="412" started-at="2017-06-23T16:12:16Z" finished-at="2017-06-23T16:12:17Z">
          <reporter-output>
          </reporter-output>
        </test-method> <!-- before -->
        <test-method status="PASS" signature="setUp(java.lang.reflect.Method)[pri:0, instance:com.isometrix.testscript.MDSTabScript@4f063c0a]" name="setUp" is-config="true" duration-ms="35838" started-at="2017-06-23T16:12:17Z" finished-at="2017-06-23T16:12:53Z">
          <params>
            <param index="0">
              <value>
                <![CDATA[public void com.isometrix.testscript.MDSTabScript.testVerifySubmitSuccessfullyAfterFillingMDSTabFields() throws java.lang.Exception]]>
              </value>
            </param>
          </params>
          <reporter-output>
          </reporter-output>
        </test-method> <!-- setUp -->
        <test-method status="FAIL" signature="testVerifySubmitSuccessfullyAfterFillingMDSTabFields()[pri:0, instance:com.isometrix.testscript.MDSTabScript@4f063c0a]" name="testVerifySubmitSuccessfullyAfterFillingMDSTabFields" duration-ms="128897" started-at="2017-06-23T16:12:53Z" finished-at="2017-06-23T16:15:01Z">
          <exception class="org.openqa.selenium.TimeoutException">
            <message>
              <![CDATA[Timed out after 60 seconds waiting for element to be clickable: Proxy element for: DefaultElementLocator 'By.xpath: ((//*[@id='86e2ef27-347b-4418-a14b-c6eb59a83f3e_anchor'])[1]/i[1]'
Build info: version: '2.53.1', revision: 'a36b8b1cd5757287168e54b817830adce9b0158d', time: '2016-06-30 19:26:09'
System info: host: '360LP0989', ip: '192.168.14.78', os.name: 'Windows 8.1', os.arch: 'amd64', os.version: '6.3', java.version: '1.8.0_131'
Driver info: org.openqa.selenium.chrome.ChromeDriver
Capabilities [{applicationCacheEnabled=false, rotatable=false, mobileEmulationEnabled=false, networkConnectionEnabled=false, chrome={chromedriverVersion=2.29.461591 (62ebf098771772160f391d75e589dc567915b233), userDataDir=C:\Users\360LP\AppData\Local\Temp\scoped_dir5972_23250}, takesHeapSnapshot=true, pageLoadStrategy=normal, databaseEnabled=false, handlesAlerts=true, hasTouchScreen=false, version=58.0.3029.110, platform=WIN8_1, browserConnectionEnabled=false, nativeEvents=true, acceptSslCerts=true, locationContextEnabled=true, webStorageEnabled=true, browserName=chrome, takesScreenshot=true, javascriptEnabled=true, cssSelectorsEnabled=true, unexpectedAlertBehaviour=}]
Session ID: 3386005757aa1f21b26d385cdfa62f00]]>
            </message>
            <full-stacktrace>
              <![CDATA[org.openqa.selenium.TimeoutException: Timed out after 60 seconds waiting for element to be clickable: Proxy element for: DefaultElementLocator 'By.xpath: ((//*[@id='86e2ef27-347b-4418-a14b-c6eb59a83f3e_anchor'])[1]/i[1]'
Build info: version: '2.53.1', revision: 'a36b8b1cd5757287168e54b817830adce9b0158d', time: '2016-06-30 19:26:09'
System info: host: '360LP0989', ip: '192.168.14.78', os.name: 'Windows 8.1', os.arch: 'amd64', os.version: '6.3', java.version: '1.8.0_131'
Driver info: org.openqa.selenium.chrome.ChromeDriver
Capabilities [{applicationCacheEnabled=false, rotatable=false, mobileEmulationEnabled=false, networkConnectionEnabled=false, chrome={chromedriverVersion=2.29.461591 (62ebf098771772160f391d75e589dc567915b233), userDataDir=C:\Users\360LP\AppData\Local\Temp\scoped_dir5972_23250}, takesHeapSnapshot=true, pageLoadStrategy=normal, databaseEnabled=false, handlesAlerts=true, hasTouchScreen=false, version=58.0.3029.110, platform=WIN8_1, browserConnectionEnabled=false, nativeEvents=true, acceptSslCerts=true, locationContextEnabled=true, webStorageEnabled=true, browserName=chrome, takesScreenshot=true, javascriptEnabled=true, cssSelectorsEnabled=true, unexpectedAlertBehaviour=}]
Session ID: 3386005757aa1f21b26d385cdfa62f00
	at org.openqa.selenium.support.ui.WebDriverWait.timeoutException(WebDriverWait.java:80)
	at org.openqa.selenium.support.ui.FluentWait.until(FluentWait.java:261)
	at com.isometrix.selenium.framework.BasePage.waitForElement(BasePage.java:178)
	at com.isometrix.selenium.framework.BasePage.javascriptButtonClick(BasePage.java:86)
	at com.isometrix.pages.MDSTabPage.enterAllFieldOnMDSTab(MDSTabPage.java:96)
	at com.isometrix.testscript.MDSTabScript.testVerifySubmitSuccessfullyAfterFillingMDSTabFields(MDSTabScript.java:202)
	at sun.reflect.NativeMethodAccessorImpl.invoke0(Native Method)
	at sun.reflect.NativeMethodAccessorImpl.invoke(NativeMethodAccessorImpl.java:62)
	at sun.reflect.DelegatingMethodAccessorImpl.invoke(DelegatingMethodAccessorImpl.java:43)
	at java.lang.reflect.Method.invoke(Method.java:498)
	at org.testng.internal.MethodInvocationHelper.invokeMethod(MethodInvocationHelper.java:80)
	at org.testng.internal.Invoker.invokeMethod(Invoker.java:714)
	at org.testng.internal.Invoker.invokeTestMethod(Invoker.java:901)
	at org.testng.internal.Invoker.invokeTestMethods(Invoker.java:1231)
	at org.testng.internal.TestMethodWorker.invokeTestMethods(TestMethodWorker.java:127)
	at org.testng.internal.TestMethodWorker.run(TestMethodWorker.java:111)
	at org.testng.TestRunner.privateRun(TestRunner.java:767)
	at org.testng.TestRunner.run(TestRunner.java:617)
	at org.testng.SuiteRunner.runTest(SuiteRunner.java:334)
	at org.testng.SuiteRunner.runSequentially(SuiteRunner.java:329)
	at org.testng.SuiteRunner.privateRun(SuiteRunner.java:291)
	at org.testng.SuiteRunner.run(SuiteRunner.java:240)
	at org.testng.SuiteRunnerWorker.runSuite(SuiteRunnerWorker.java:52)
	at org.testng.SuiteRunnerWorker.run(SuiteRunnerWorker.java:86)
	at org.testng.TestNG.runSuitesSequentially(TestNG.java:1198)
	at org.testng.TestNG.runSuitesLocally(TestNG.java:1123)
	at org.testng.TestNG.run(TestNG.java:1031)
	at org.testng.remote.AbstractRemoteTestNG.run(AbstractRemoteTestNG.java:132)
	at org.testng.remote.RemoteTestNG.initAndRun(RemoteTestNG.java:230)
	at org.testng.remote.RemoteTestNG.main(RemoteTestNG.java:76)
Caused by: org.openqa.selenium.InvalidSelectorException: invalid selector: Unable to locate an element with the xpath expression ((//*[@id='86e2ef27-347b-4418-a14b-c6eb59a83f3e_anchor'])[1]/i[1] because of the following error:
SyntaxError: Failed to execute 'evaluate' on 'Document': The string '((//*[@id='86e2ef27-347b-4418-a14b-c6eb59a83f3e_anchor'])[1]/i[1]' is not a valid XPath expression.
  (Session info: chrome=58.0.3029.110)
  (Driver info: chromedriver=2.29.461591 (62ebf098771772160f391d75e589dc567915b233),platform=Windows NT 6.3.9600 x86_64) (WARNING: The server did not provide any stacktrace information)
Command duration or timeout: 39 milliseconds
For documentation on this error, please visit: http://seleniumhq.org/exceptions/invalid_selector_exception.html
Build info: version: '2.53.1', revision: 'a36b8b1cd5757287168e54b817830adce9b0158d', time: '2016-06-30 19:26:09'
System info: host: '360LP0989', ip: '192.168.14.78', os.name: 'Windows 8.1', os.arch: 'amd64', os.version: '6.3', java.version: '1.8.0_131'
Driver info: org.openqa.selenium.chrome.ChromeDriver
Capabilities [{applicationCacheEnabled=false, rotatable=false, mobileEmulationEnabled=false, networkConnectionEnabled=false, chrome={chromedriverVersion=2.29.461591 (62ebf098771772160f391d75e589dc567915b233), userDataDir=C:\Users\360LP\AppData\Local\Temp\scoped_dir5972_23250}, takesHeapSnapshot=true, pageLoadStrategy=normal, databaseEnabled=false, handlesAlerts=true, hasTouchScreen=false, version=58.0.3029.110, platform=WIN8_1, browserConnectionEnabled=false, nativeEvents=true, acceptSslCerts=true, locationContextEnabled=true, webStorageEnabled=true, browserName=chrome, takesScreenshot=true, javascriptEnabled=true, cssSelectorsEnabled=true, unexpectedAlertBehaviour=}]
Session ID: 3386005757aa1f21b26d385cdfa62f00
*** Element info: {Using=xpath, value=((//*[@id='86e2ef27-347b-4418-a14b-c6eb59a83f3e_anchor'])[1]/i[1]}
	at sun.reflect.GeneratedConstructorAccessor13.newInstance(Unknown Source)
	at sun.reflect.DelegatingConstructorAccessorImpl.newInstance(DelegatingConstructorAccessorImpl.java:45)
	at java.lang.reflect.Constructor.newInstance(Constructor.java:423)
	at org.openqa.selenium.remote.ErrorHandler.createThrowable(ErrorHandler.java:206)
	at org.openqa.selenium.remote.ErrorHandler.throwIfResponseFailed(ErrorHandler.java:158)
	at org.openqa.selenium.remote.RemoteWebDriver.execute(RemoteWebDriver.java:678)
	at org.openqa.selenium.remote.RemoteWebDriver.findElement(RemoteWebDriver.java:363)
	at org.openqa.selenium.remote.RemoteWebDriver.findElementByXPath(RemoteWebDriver.java:500)
	at org.openqa.selenium.By$ByXPath.findElement(By.java:361)
	at org.openqa.selenium.remote.RemoteWebDriver.findElement(RemoteWebDriver.java:355)
	at org.openqa.selenium.support.pagefactory.DefaultElementLocator.findElement(DefaultElementLocator.java:69)
	at org.openqa.selenium.support.pagefactory.internal.LocatingElementHandler.invoke(LocatingElementHandler.java:38)
	at com.sun.proxy.$Proxy12.isDisplayed(Unknown Source)
	at org.openqa.selenium.support.ui.ExpectedConditions.elementIfVisible(ExpectedConditions.java:302)
	at org.openqa.selenium.support.ui.ExpectedConditions.access$100(ExpectedConditions.java:41)
	at org.openqa.selenium.support.ui.ExpectedConditions$10.apply(ExpectedConditions.java:288)
	at org.openqa.selenium.support.ui.ExpectedConditions$10.apply(ExpectedConditions.java:285)
	at org.openqa.selenium.support.ui.ExpectedConditions$23.apply(ExpectedConditions.java:687)
	at org.openqa.selenium.support.ui.ExpectedConditions$23.apply(ExpectedConditions.java:680)
	at org.openqa.selenium.support.ui.FluentWait.until(FluentWait.java:238)
	... 28 more
]]>
            </full-stacktrace>
          </exception> <!-- org.openqa.selenium.TimeoutException -->
          <reporter-output>
            <line>
              <![CDATA[
login using a valid IsoMetrix username and password.]]>
            </line>
            <line>
              <![CDATA[
Go to All Control page]]>
            </line>
            <line>
              <![CDATA[
Click on Add button on right side of Control page]]>
            </line>
            <line>
              <![CDATA[
Enter the all mandatory fileds on Control tab]]>
            </line>
            <line>
              <![CDATA[
Click on Save button on right side of Control page]]>
            </line>
            <line>
              <![CDATA[
Enter the all mandatory fileds on User defined tab]]>
            </line>
            <line>
              <![CDATA[
Click on MDS tab]]>
            </line>
            <line>
              <![CDATA[
Enter the all fileds on MDS tab]]>
            </line>
          </reporter-output>
        </test-method> <!-- testVerifySubmitSuccessfullyAfterFillingMDSTabFields -->
        <test-method status="PASS" signature="captureScreenShot(org.testng.ITestResult)[pri:0, instance:com.isometrix.testscript.MDSTabScript@4f063c0a]" name="captureScreenShot" is-config="true" duration-ms="205" started-at="2017-06-23T16:15:02Z" finished-at="2017-06-23T16:15:02Z">
          <params>
            <param index="0">
              <value>
                <![CDATA[[TestResult name=testVerifySubmitSuccessfullyAfterFillingMDSTabFields status=FAILURE method=MDSTabScript.testVerifySubmitSuccessfullyAfterFillingMDSTabFields()[pri:0, instance:com.isometrix.testscript.MDSTabScript@4f063c0a] output=
login using a valid IsoMetrix username and password.]]]>
              </value>
            </param>
          </params>
          <reporter-output>
            <line>
              <![CDATA[<a href= 'E:/ISOMetrix/ISO-Metrix/screenshots/testVerifySubmitSuccessfullyAfterFillingMDSTabFields2017-06-23-04-15-02.png'target='_blank' ><img src='E:/ISOMetrix/ISO-Metrix/screenshots/testVerifySubmitSuccessfullyAfterFillingMDSTabFields2017-06-23-04-15-02.png'>testVerifySubmitSuccessfullyAfterFillingMDSTabFields2017-06-23-04-15-02</a>]]>
            </line>
          </reporter-output>
        </test-method> <!-- captureScreenShot -->
        <test-method status="PASS" signature="afterMainMethod()[pri:0, instance:com.isometrix.testscript.MDSTabScript@4f063c0a]" name="afterMainMethod" is-config="true" duration-ms="0" started-at="2017-06-23T16:15:02Z" finished-at="2017-06-23T16:15:02Z">
          <reporter-output>
          </reporter-output>
        </test-method> <!-- afterMainMethod -->
        <test-method status="PASS" signature="tearDownSuite()[pri:0, instance:com.isometrix.testscript.MDSTabScript@4f063c0a]" name="tearDownSuite" is-config="true" duration-ms="1204" started-at="2017-06-23T16:15:02Z" finished-at="2017-06-23T16:15:03Z">
          <reporter-output>
          </reporter-output>
        </test-method> <!-- tearDownSuite -->
      </class> <!-- com.isometrix.testscript.MDSTabScript -->
    </test> <!-- Default test -->
  </suite> <!-- Default suite -->
</testng-results>
