<?xml version="1.0" encoding="UTF-8"?>
<!-- Generated by org.testng.reporters.JUnitXMLReporter -->
<testsuite hostname="ubuntu-HP-250-G3-Notebook-PC" name="FirstTestCase" tests="4" failures="0" timestamp="6 Jul 2017 14:06:02 GMT" time="0.29" errors="0">
  <testcase name="@BeforeMethod setUp" time="0.0" classname="com.isometrix.testscript.LoginScript">
    <failure type="java.lang.IllegalStateException" message="The driver is not executable: /home/ubuntu/Downloads/Sunil/ISOMetrix/ISO-Metrix/src/test/resources/webdriver/chromedriver.exe">
      <![CDATA[java.lang.IllegalStateException: The driver is not executable: /home/ubuntu/Downloads/Sunil/ISOMetrix/ISO-Metrix/src/test/resources/webdriver/chromedriver.exe
	at com.google.common.base.Preconditions.checkState(Preconditions.java:199)
	at org.openqa.selenium.remote.service.DriverService.checkExecutable(DriverService.java:125)
	at org.openqa.selenium.remote.service.DriverService.findExecutable(DriverService.java:116)
	at org.openqa.selenium.chrome.ChromeDriverService.access$000(ChromeDriverService.java:32)
	at org.openqa.selenium.chrome.ChromeDriverService$Builder.findDefaultExecutable(ChromeDriverService.java:137)
	at org.openqa.selenium.remote.service.DriverService$Builder.build(DriverService.java:296)
	at org.openqa.selenium.chrome.ChromeDriverService.createDefaultService(ChromeDriverService.java:88)
	at org.openqa.selenium.chrome.ChromeDriver.<init>(ChromeDriver.java:116)
	at com.isometrix.selenium.framework.BaseTest.setUp(BaseTest.java:87)
	at sun.reflect.NativeMethodAccessorImpl.invoke0(Native Method)
	at sun.reflect.NativeMethodAccessorImpl.invoke(NativeMethodAccessorImpl.java:62)
	at sun.reflect.DelegatingMethodAccessorImpl.invoke(DelegatingMethodAccessorImpl.java:43)
	at java.lang.reflect.Method.invoke(Method.java:498)
	at org.testng.internal.MethodInvocationHelper.invokeMethod(MethodInvocationHelper.java:80)
	at org.testng.internal.Invoker.invokeConfigurationMethod(Invoker.java:564)
	at org.testng.internal.Invoker.invokeConfigurations(Invoker.java:213)
	at org.testng.internal.Invoker.invokeMethod(Invoker.java:653)
	at org.testng.internal.Invoker.invokeTestMethod(Invoker.java:901)
	at org.testng.internal.Invoker.invokeTestMethods(Invoker.java:1231)
	at org.testng.internal.TestMethodWorker.invokeTestMethods(TestMethodWorker.java:127)
	at org.testng.internal.TestMethodWorker.run(TestMethodWorker.java:111)
	at java.util.concurrent.ThreadPoolExecutor.runWorker(ThreadPoolExecutor.java:1142)
	at java.util.concurrent.ThreadPoolExecutor$Worker.run(ThreadPoolExecutor.java:617)
	at java.lang.Thread.run(Thread.java:748)
]]>
    </failure>
  </testcase> <!-- @BeforeMethod setUp -->
  <testcase name="@AfterMethod captureScreenShot" time="0.0" classname="com.isometrix.testscript.LoginScript">
    <skipped/>
  </testcase> <!-- @AfterMethod captureScreenShot -->
  <testcase name="@BeforeMethod setUp" time="0.0" classname="com.isometrix.testscript.LoginScript">
    <skipped/>
  </testcase> <!-- @BeforeMethod setUp -->
  <testcase name="@AfterMethod captureScreenShot" time="0.0" classname="com.isometrix.testscript.LoginScript">
    <skipped/>
  </testcase> <!-- @AfterMethod captureScreenShot -->
  <testcase name="@BeforeMethod setUp" time="0.0" classname="com.isometrix.testscript.LoginScript">
    <skipped/>
  </testcase> <!-- @BeforeMethod setUp -->
  <testcase name="@AfterMethod captureScreenShot" time="0.0" classname="com.isometrix.testscript.LoginScript">
    <skipped/>
  </testcase> <!-- @AfterMethod captureScreenShot -->
  <testcase name="@BeforeMethod setUp" time="0.0" classname="com.isometrix.testscript.LoginScript">
    <skipped/>
  </testcase> <!-- @BeforeMethod setUp -->
  <testcase name="@AfterMethod captureScreenShot" time="0.0" classname="com.isometrix.testscript.LoginScript">
    <skipped/>
  </testcase> <!-- @AfterMethod captureScreenShot -->
  <testcase name="@AfterClass afterMainMethod" time="0.0" classname="com.isometrix.testscript.LoginScript">
    <skipped/>
  </testcase> <!-- @AfterClass afterMainMethod -->
  <testcase name="testLoginWithBlank" time="0.003" classname="com.isometrix.testscript.LoginScript">
    <skipped/>
  </testcase> <!-- testLoginWithBlank -->
  <testcase name="testLoginWithInValidPassword" time="0.001" classname="com.isometrix.testscript.LoginScript">
    <skipped/>
  </testcase> <!-- testLoginWithInValidPassword -->
  <testcase name="testLoginWithInValidUserName" time="0.002" classname="com.isometrix.testscript.LoginScript">
    <skipped/>
  </testcase> <!-- testLoginWithInValidUserName -->
  <testcase name="testValidLogin" time="0.002" classname="com.isometrix.testscript.LoginScript">
    <skipped/>
  </testcase> <!-- testValidLogin -->
</testsuite> <!-- FirstTestCase -->
